<?xml version="1.0" encoding="UTF-8"?>
<!-- Generated by org.testng.reporters.JUnitXMLReporter -->
<testsuite ignored="0" hostname="LTIN-APLR1XFYF7604" failures="0" tests="6" name="TestScenario1" time="0.029" errors="0" timestamp="2023-01-03T14:10:57 IST">
  <testcase classname="com.automationexercises.tests.ContactUsTest_001" name="@BeforeTest set" time="-1.672735257684E9">
    <failure type="org.testng.TestNGException" message="
Parameter &amp;apos;browser&amp;apos; is required by BeforeTest on method set but has not been marked @Optional or defined
in /Users/ankitdixit/eclipse-workspace/automationexercises/testng.xml">
      <![CDATA[org.testng.TestNGException: 
Parameter 'browser' is required by BeforeTest on method set but has not been marked @Optional or defined
in /Users/ankitdixit/eclipse-workspace/automationexercises/testng.xml
at java.base/java.util.concurrent.FutureTask.run(FutureTask.java:264)
at java.base/java.util.concurrent.ThreadPoolExecutor.runWorker(ThreadPoolExecutor.java:1136)
at java.base/java.util.concurrent.ThreadPoolExecutor$Worker.run(ThreadPoolExecutor.java:635)
at java.base/java.lang.Thread.run(Thread.java:833)
... Removed 12 stack frames]]>
    </failure>
  </testcase> <!-- @BeforeTest set -->
  <testcase classname="com.automationexercises.tests.ProductPageTest_002" name="@BeforeTest set" time="-1.672735257684E9">
    <failure type="org.testng.TestNGException" message="
Parameter &amp;apos;browser&amp;apos; is required by BeforeTest on method set but has not been marked @Optional or defined
in /Users/ankitdixit/eclipse-workspace/automationexercises/testng.xml">
      <![CDATA[org.testng.TestNGException: 
Parameter 'browser' is required by BeforeTest on method set but has not been marked @Optional or defined
in /Users/ankitdixit/eclipse-workspace/automationexercises/testng.xml
at java.base/java.util.concurrent.FutureTask.run(FutureTask.java:264)
at java.base/java.util.concurrent.ThreadPoolExecutor.runWorker(ThreadPoolExecutor.java:1136)
at java.base/java.util.concurrent.ThreadPoolExecutor$Worker.run(ThreadPoolExecutor.java:635)
at java.base/java.lang.Thread.run(Thread.java:833)
... Removed 12 stack frames]]>
    </failure>
  </testcase> <!-- @BeforeTest set -->
  <testcase classname="com.automationexercises.tests.ProductPageTest_002" name="@AfterTest afterClass" time="-1.672735257709E9">
    <skipped/>
  </testcase> <!-- @AfterTest afterClass -->
  <testcase classname="com.automationexercises.tests.ContactUsTest_001" name="@AfterTest afterClass" time="-1.672735257711E9">
    <skipped/>
  </testcase> <!-- @AfterTest afterClass -->
  <testcase classname="com.automationexercises.tests.ContactUsTest_001" name="homePageTest" time="0.0">
    <skipped/>
  </testcase> <!-- homePageTest -->
  <testcase classname="com.automationexercises.tests.ContactUsTest_001" name="clickContactValidation" time="0.0">
    <skipped/>
  </testcase> <!-- clickContactValidation -->
  <testcase classname="com.automationexercises.tests.ContactUsTest_001" name="fillContactUsForm" time="0.0">
    <skipped/>
  </testcase> <!-- fillContactUsForm -->
  <testcase classname="com.automationexercises.tests.ContactUsTest_001" name="submitContactUsForm" time="0.0">
    <skipped/>
  </testcase> <!-- submitContactUsForm -->
  <testcase classname="com.automationexercises.tests.ContactUsTest_001" name="contactAlertValidation" time="0.0">
    <skipped/>
  </testcase> <!-- contactAlertValidation -->
  <testcase classname="com.automationexercises.tests.ContactUsTest_001" name="goBackHomeValidation" time="0.0">
    <skipped/>
  </testcase> <!-- goBackHomeValidation -->
</testsuite> <!-- TestScenario1 -->
