<?xml version="1.0" encoding="UTF-8"?>
<!-- Generated by org.testng.reporters.JUnitXMLReporter -->
<testsuite ignored="0" hostname="LTIN-APLR1XFYF7604" failures="0" tests="4" name="TestScenario2" time="0.028" errors="0" timestamp="2023-01-03T14:10:57 IST">
  <testcase classname="com.automationexercises.tests.ProductPageTest_002" name="@BeforeTest set" time="-1.672735257684E9">
    <failure type="org.testng.TestNGException" message="
Parameter &amp;apos;browser&amp;apos; is required by BeforeTest on method set but has not been marked @Optional or defined
in /Users/ankitdixit/eclipse-workspace/automationexercises/testng.xml">
      <![CDATA[org.testng.TestNGException: 
Parameter 'browser' is required by BeforeTest on method set but has not been marked @Optional or defined
in /Users/ankitdixit/eclipse-workspace/automationexercises/testng.xml
at java.base/java.util.concurrent.FutureTask.run(FutureTask.java:264)
at java.base/java.util.concurrent.ThreadPoolExecutor.runWorker(ThreadPoolExecutor.java:1136)
at java.base/java.util.concurrent.ThreadPoolExecutor$Worker.run(ThreadPoolExecutor.java:635)
at java.base/java.lang.Thread.run(Thread.java:833)
... Removed 12 stack frames]]>
    </failure>
  </testcase> <!-- @BeforeTest set -->
  <testcase classname="com.automationexercises.tests.ProductPageTest_002" name="@AfterTest afterClass" time="-1.672735257709E9">
    <skipped/>
  </testcase> <!-- @AfterTest afterClass -->
  <testcase classname="com.automationexercises.tests.ProductPageTest_002" name="homePageTest" time="0.0">
    <skipped/>
  </testcase> <!-- homePageTest -->
  <testcase classname="com.automationexercises.tests.ProductPageTest_002" name="clickProductValidation" time="0.0">
    <skipped/>
  </testcase> <!-- clickProductValidation -->
  <testcase classname="com.automationexercises.tests.ProductPageTest_002" name="searchedProductsValidation" time="0.0">
    <skipped/>
  </testcase> <!-- searchedProductsValidation -->
  <testcase classname="com.automationexercises.tests.ProductPageTest_002" name="cartValidation" time="0.0">
    <skipped/>
  </testcase> <!-- cartValidation -->
</testsuite> <!-- TestScenario2 -->
