<?xml version="1.0" encoding="UTF-8"?>
<!-- Generated by org.testng.reporters.JUnitXMLReporter -->
<testsuite ignored="2" hostname="LTIN-APLR1XFYF7604" failures="1" tests="10" name="Test1" time="36.626" errors="0" timestamp="2023-01-03T15:42:07 IST">
  <testcase classname="com.automationexercises.tests.ContactUsTest_001" name="homePageTest" time="12.641"/>
  <testcase classname="com.automationexercises.tests.ContactUsTest_001" name="clickContactValidation" time="3.43"/>
  <testcase classname="com.automationexercises.tests.ContactUsTest_001" name="fillContactUsForm" time="0.115"/>
  <testcase classname="com.automationexercises.tests.ContactUsTest_001" name="submitContactUsForm" time="0.1"/>
  <testcase classname="com.automationexercises.tests.ContactUsTest_001" name="contactAlertValidation" time="0.151"/>
  <testcase classname="com.automationexercises.tests.ContactUsTest_001" name="goBackHomeValidation" time="0.118"/>
  <testcase classname="com.automationexercises.tests.ProductPageTest_002" name="homePage" time="5.438"/>
  <testcase classname="com.automationexercises.tests.ProductPageTest_002" name="clickProductValidation" time="7.237"/>
  <testcase classname="com.automationexercises.tests.ProductPageTest_002" name="searchedProductsValidation" time="3.761"/>
  <testcase classname="com.automationexercises.tests.ProductPageTest_002" name="cartValidation" time="0.318">
    <failure type="org.openqa.selenium.ElementNotInteractableException" message="Element &amp;lt;button class=&amp;quot;btn btn-success close-modal btn-block&amp;quot;&amp;gt; could not be scrolled into view
Build info: version: &amp;apos;4.4.0&amp;apos;, revision: &amp;apos;e5c75ed026a&amp;apos;
System info: host: &amp;apos;LTIN-APLR1XFYF7604&amp;apos;, ip: &amp;apos;fe80:0:0:0:c57:f62a:407a:1791%en0&amp;apos;, os.name: &amp;apos;Mac OS X&amp;apos;, os.arch: &amp;apos;aarch64&amp;apos;, os.version: &amp;apos;13.1&amp;apos;, java.version: &amp;apos;17.0.1&amp;apos;
Driver info: org.openqa.selenium.firefox.FirefoxDriver
Command: [19740ce5-b7e8-42dd-a792-31c072c73dc9, clickElement {id=5a43a6fe-323c-4f98-9875-a42e923edc55}]
Capabilities {acceptInsecureCerts: true, browserName: firefox, browserVersion: 108.0, moz:accessibilityChecks: false, moz:buildID: 20221208122842, moz:debuggerAddress: 127.0.0.1:52177, moz:geckodriverVersion: 0.32.0, moz:headless: false, moz:platformVersion: 22.2.0, moz:processID: 6900, moz:profile: /var/folders/2b/v2dcyxc96xd..., moz:shutdownTimeout: 60000, moz:useNonSpecCompliantPointerOrigin: false, moz:webdriverClick: true, moz:windowless: false, pageLoadStrategy: normal, platformName: MAC, proxy: Proxy(), se:cdp: ws://127.0.0.1:52177/devtoo..., se:cdpVersion: 85.0, setWindowRect: true, strictFileInteractability: false, timeouts: {implicit: 0, pageLoad: 300000, script: 30000}, unhandledPromptBehavior: dismiss and notify}
Element: [[FirefoxDriver: firefox on MAC (19740ce5-b7e8-42dd-a792-31c072c73dc9)] -&amp;gt; css selector: button.btn:nth-child(1)]
Session ID: 19740ce5-b7e8-42dd-a792-31c072c73dc9">
      <![CDATA[org.openqa.selenium.ElementNotInteractableException: Element <button class="btn btn-success close-modal btn-block"> could not be scrolled into view
Build info: version: '4.4.0', revision: 'e5c75ed026a'
System info: host: 'LTIN-APLR1XFYF7604', ip: 'fe80:0:0:0:c57:f62a:407a:1791%en0', os.name: 'Mac OS X', os.arch: 'aarch64', os.version: '13.1', java.version: '17.0.1'
Driver info: org.openqa.selenium.firefox.FirefoxDriver
Command: [19740ce5-b7e8-42dd-a792-31c072c73dc9, clickElement {id=5a43a6fe-323c-4f98-9875-a42e923edc55}]
Capabilities {acceptInsecureCerts: true, browserName: firefox, browserVersion: 108.0, moz:accessibilityChecks: false, moz:buildID: 20221208122842, moz:debuggerAddress: 127.0.0.1:52177, moz:geckodriverVersion: 0.32.0, moz:headless: false, moz:platformVersion: 22.2.0, moz:processID: 6900, moz:profile: /var/folders/2b/v2dcyxc96xd..., moz:shutdownTimeout: 60000, moz:useNonSpecCompliantPointerOrigin: false, moz:webdriverClick: true, moz:windowless: false, pageLoadStrategy: normal, platformName: MAC, proxy: Proxy(), se:cdp: ws://127.0.0.1:52177/devtoo..., se:cdpVersion: 85.0, setWindowRect: true, strictFileInteractability: false, timeouts: {implicit: 0, pageLoad: 300000, script: 30000}, unhandledPromptBehavior: dismiss and notify}
Element: [[FirefoxDriver: firefox on MAC (19740ce5-b7e8-42dd-a792-31c072c73dc9)] -> css selector: button.btn:nth-child(1)]
Session ID: 19740ce5-b7e8-42dd-a792-31c072c73dc9
at org.openqa.selenium.remote.codec.w3c.W3CHttpResponseCodec.createException(W3CHttpResponseCodec.java:200)
at org.openqa.selenium.remote.codec.w3c.W3CHttpResponseCodec.decode(W3CHttpResponseCodec.java:133)
at org.openqa.selenium.remote.codec.w3c.W3CHttpResponseCodec.decode(W3CHttpResponseCodec.java:53)
at org.openqa.selenium.remote.HttpCommandExecutor.execute(HttpCommandExecutor.java:184)
at org.openqa.selenium.remote.service.DriverCommandExecutor.invokeExecute(DriverCommandExecutor.java:167)
at org.openqa.selenium.remote.service.DriverCommandExecutor.execute(DriverCommandExecutor.java:142)
at org.openqa.selenium.remote.RemoteWebDriver.execute(RemoteWebDriver.java:547)
at org.openqa.selenium.remote.RemoteWebElement.execute(RemoteWebElement.java:257)
at org.openqa.selenium.remote.RemoteWebElement.click(RemoteWebElement.java:78)
at org.openqa.selenium.support.pagefactory.internal.LocatingElementHandler.invoke(LocatingElementHandler.java:52)
at jdk.proxy2/jdk.proxy2.$Proxy18.click(Unknown Source)
at com.automationexercises.pageObjects.ProductPage.handleCartModal(ProductPage.java:175)
at com.automationexercises.tests.ProductPageTest_002.cartValidation(ProductPageTest_002.java:50)
at java.base/java.util.ArrayList.forEach(ArrayList.java:1511)
... Removed 36 stack frames]]>
    </failure>
  </testcase> <!-- cartValidation -->
  <testcase classname="com.automationexercises.tests.Setting" name="@AfterTest afterClass" time="0.0">
    <ignored/>
  </testcase> <!-- @AfterTest afterClass -->
  <testcase classname="com.automationexercises.tests.Setting" name="@BeforeTest set" time="0.0">
    <ignored/>
  </testcase> <!-- @BeforeTest set -->
</testsuite> <!-- Test1 -->
