<?xml version="1.0" encoding="UTF-8"?>
<!-- Generated by org.testng.reporters.JUnitReportReporter -->
<testsuite hostname="LTIN-APLR1XFYF7604" failures="0" tests="1" name="com.automationexercises.tests.Setting" time="0.058" errors="1" timestamp="2023-01-03T15:35:42 IST" skipped="0">
  <testcase classname="com.automationexercises.tests.Setting" name="afterClass" time="0.058">
    <error message="Tried to run command without establishing a connection
Build info: version: &#039;4.4.0&#039;, revision: &#039;e5c75ed026a&#039;
System info: host: &#039;LTIN-APLR1XFYF7604&#039;, ip: &#039;fe80:0:0:0:c57:f62a:407a:1791%en0&#039;, os.name: &#039;Mac OS X&#039;, os.arch: &#039;aarch64&#039;, os.version: &#039;13.1&#039;, java.version: &#039;17.0.1&#039;
Driver info: org.openqa.selenium.firefox.FirefoxDriver
Command: [194b3e45-69bf-4d14-8683-fe6380829116, quit {}]
Capabilities {acceptInsecureCerts: true, browserName: firefox, browserVersion: 108.0, moz:accessibilityChecks: false, moz:buildID: 20221208122842, moz:debuggerAddress: 127.0.0.1:61453, moz:geckodriverVersion: 0.32.0, moz:headless: false, moz:platformVersion: 22.2.0, moz:processID: 6654, moz:profile: /var/folders/2b/v2dcyxc96xd..., moz:shutdownTimeout: 60000, moz:useNonSpecCompliantPointerOrigin: false, moz:webdriverClick: true, moz:windowless: false, pageLoadStrategy: normal, platformName: MAC, proxy: Proxy(), se:cdp: ws://127.0.0.1:61453/devtoo..., se:cdpVersion: 85.0, setWindowRect: true, strictFileInteractability: false, timeouts: {implicit: 0, pageLoad: 300000, script: 30000}, unhandledPromptBehavior: dismiss and notify}
Session ID: 194b3e45-69bf-4d14-8683-fe6380829116" type="org.openqa.selenium.NoSuchSessionException">
      <![CDATA[org.openqa.selenium.NoSuchSessionException: Tried to run command without establishing a connection
Build info: version: '4.4.0', revision: 'e5c75ed026a'
System info: host: 'LTIN-APLR1XFYF7604', ip: 'fe80:0:0:0:c57:f62a:407a:1791%en0', os.name: 'Mac OS X', os.arch: 'aarch64', os.version: '13.1', java.version: '17.0.1'
Driver info: org.openqa.selenium.firefox.FirefoxDriver
Command: [194b3e45-69bf-4d14-8683-fe6380829116, quit {}]
Capabilities {acceptInsecureCerts: true, browserName: firefox, browserVersion: 108.0, moz:accessibilityChecks: false, moz:buildID: 20221208122842, moz:debuggerAddress: 127.0.0.1:61453, moz:geckodriverVersion: 0.32.0, moz:headless: false, moz:platformVersion: 22.2.0, moz:processID: 6654, moz:profile: /var/folders/2b/v2dcyxc96xd..., moz:shutdownTimeout: 60000, moz:useNonSpecCompliantPointerOrigin: false, moz:webdriverClick: true, moz:windowless: false, pageLoadStrategy: normal, platformName: MAC, proxy: Proxy(), se:cdp: ws://127.0.0.1:61453/devtoo..., se:cdpVersion: 85.0, setWindowRect: true, strictFileInteractability: false, timeouts: {implicit: 0, pageLoad: 300000, script: 30000}, unhandledPromptBehavior: dismiss and notify}
Session ID: 194b3e45-69bf-4d14-8683-fe6380829116
at java.base/jdk.internal.reflect.NativeConstructorAccessorImpl.newInstance0(Native Method)
at java.base/jdk.internal.reflect.NativeConstructorAccessorImpl.newInstance(NativeConstructorAccessorImpl.java:77)
at java.base/jdk.internal.reflect.DelegatingConstructorAccessorImpl.newInstance(DelegatingConstructorAccessorImpl.java:45)
at java.base/java.lang.reflect.Constructor.newInstanceWithCaller(Constructor.java:499)
at java.base/java.lang.reflect.Constructor.newInstance(Constructor.java:480)
at org.openqa.selenium.remote.codec.w3c.W3CHttpResponseCodec.createException(W3CHttpResponseCodec.java:200)
at org.openqa.selenium.remote.codec.w3c.W3CHttpResponseCodec.decode(W3CHttpResponseCodec.java:133)
at org.openqa.selenium.remote.codec.w3c.W3CHttpResponseCodec.decode(W3CHttpResponseCodec.java:53)
at org.openqa.selenium.remote.HttpCommandExecutor.execute(HttpCommandExecutor.java:184)
at org.openqa.selenium.remote.service.DriverCommandExecutor.invokeExecute(DriverCommandExecutor.java:167)
at org.openqa.selenium.remote.service.DriverCommandExecutor.lambda$execute$1(DriverCommandExecutor.java:105)
at java.base/java.util.concurrent.CompletableFuture$AsyncSupply.run(CompletableFuture.java:1768)
at java.base/java.util.concurrent.ThreadPoolExecutor.runWorker(ThreadPoolExecutor.java:1136)
at java.base/java.util.concurrent.ThreadPoolExecutor$Worker.run(ThreadPoolExecutor.java:635)
at java.base/java.lang.Thread.run(Thread.java:833)
]]>
    </error>
  </testcase> <!-- afterClass -->
  <system-out/>
</testsuite> <!-- com.automationexercises.tests.Setting -->
